[2017-03-13 11:28:19.121] [jointLog] [info] parsing read library format
[2017-03-13 11:28:19.121] [jointLog] [info] There is 1 library.
[2017-03-13 11:28:19.174] [jointLog] [info] Loading Quasi index
[2017-03-13 11:28:19.174] [jointLog] [info] Loading 32-bit quasi index
[2017-03-13 11:28:22.912] [jointLog] [info] done
[2017-03-13 11:28:22.912] [jointLog] [info] Index contained 40466 targets
[2017-03-13 11:30:53.616] [fileLog] [info] 
At end of round 0
==================
Observed 21684747 total fragments (21684747 in most recent round)

[2017-03-13 11:30:53.616] [jointLog] [info] Computed 30409 rich equivalence classes for further processing
[2017-03-13 11:30:53.616] [jointLog] [info] Counted 15505363 total reads in the equivalence classes 
[2017-03-13 11:30:53.619] [jointLog] [info] Mapping rate = 71.5035%

[2017-03-13 11:30:53.619] [jointLog] [info] finished quantifyLibrary()
[2017-03-13 11:30:53.654] [jointLog] [info] Starting optimizer
[2017-03-13 11:30:53.688] [jointLog] [info] Marked 0 weighted equivalence classes as degenerate
[2017-03-13 11:30:53.690] [jointLog] [info] iteration = 0 | max rel diff. = 284.561
[2017-03-13 11:30:53.782] [jointLog] [info] iteration = 100 | max rel diff. = 0.114029
[2017-03-13 11:30:53.869] [jointLog] [info] iteration = 200 | max rel diff. = 0.0537934
[2017-03-13 11:30:53.956] [jointLog] [info] iteration = 300 | max rel diff. = 0.0405525
[2017-03-13 11:30:54.043] [jointLog] [info] iteration = 400 | max rel diff. = 0.0310841
[2017-03-13 11:30:54.130] [jointLog] [info] iteration = 500 | max rel diff. = 0.0222571
[2017-03-13 11:30:54.216] [jointLog] [info] iteration = 600 | max rel diff. = 0.0200862
[2017-03-13 11:30:54.302] [jointLog] [info] iteration = 700 | max rel diff. = 0.0166605
[2017-03-13 11:30:54.389] [jointLog] [info] iteration = 800 | max rel diff. = 0.0148882
[2017-03-13 11:30:54.475] [jointLog] [info] iteration = 900 | max rel diff. = 0.0135417
[2017-03-13 11:30:54.561] [jointLog] [info] iteration = 1000 | max rel diff. = 0.0104988
[2017-03-13 11:30:54.648] [jointLog] [info] iteration = 1100 | max rel diff. = 0.010053
[2017-03-13 11:30:54.660] [jointLog] [info] iteration = 1115 | max rel diff. = 0.00993001
[2017-03-13 11:30:54.663] [jointLog] [info] Finished optimizer
[2017-03-13 11:30:54.663] [jointLog] [info] writing output 

